<?xml version="1.0" encoding="UTF-8"?>
<!-- Generated by org.testng.reporters.JUnitXMLReporter -->
<testsuite ignored="0" hostname="DESKTOP-TEC4S26" failures="0" tests="2" name="Default test" time="30.615" errors="0" timestamp="2024-02-14T18:22:49 IST">
  <testcase classname="com.OHRM_EmployeeList.OHRM_EmployeeeListData_ExportExcelFile" name="logInDetails" time="3.548"/>
  <testcase classname="com.OHRM_EmployeeList.OHRM_EmployeeeListData_ExportExcelFile" name="employeeList" time="17.491"/>
</testsuite> <!-- Default test -->
