<?xml version="1.0" encoding="UTF-8"?>
<testng-results ignored="0" total="1" passed="0" failed="1" skipped="0">
  <reporter-output>
  </reporter-output>
  <suite started-at="2024-02-16T15:38:20 IST" name="Default suite" finished-at="2024-02-16T15:39:05 IST" duration-ms="44616">
    <groups>
    </groups>
    <test started-at="2024-02-16T15:38:20 IST" name="Default test" finished-at="2024-02-16T15:39:05 IST" duration-ms="44616">
      <class name="com.RadioButonsTest.radioButtonsTest">
        <test-method is-config="true" signature="setUp()[pri:0, instance:com.RadioButonsTest.radioButtonsTest@1caa0244]" started-at="2024-02-16T15:38:20 IST" name="setUp" finished-at="2024-02-16T15:39:01 IST" duration-ms="40930" status="PASS">
          <reporter-output>
          </reporter-output>
        </test-method> <!-- setUp -->
        <test-method signature="group1RadioButtons()[pri:0, instance:com.RadioButonsTest.radioButtonsTest@1caa0244]" started-at="2024-02-16T15:39:02 IST" name="group1RadioButtons" finished-at="2024-02-16T15:39:02 IST" duration-ms="347" status="FAIL">
          <exception class="java.lang.IllegalAccessError">
            <message>
              <![CDATA[class com.RadioButonsTest.radioButtonsTest (in unnamed module @0x1deb2c43) cannot access class jdk.internal.org.jline.utils.Log (in module jdk.internal.le) because module jdk.internal.le does not export jdk.internal.org.jline.utils to unnamed module @0x1deb2c43]]>
            </message>
            <full-stacktrace>
              <![CDATA[java.lang.IllegalAccessError: class com.RadioButonsTest.radioButtonsTest (in unnamed module @0x1deb2c43) cannot access class jdk.internal.org.jline.utils.Log (in module jdk.internal.le) because module jdk.internal.le does not export jdk.internal.org.jline.utils to unnamed module @0x1deb2c43
at com.RadioButonsTest.radioButtonsTest.group1RadioButtons(radioButtonsTest.java:31)
at java.base/jdk.internal.reflect.NativeMethodAccessorImpl.invoke0(Native Method)
at java.base/jdk.internal.reflect.NativeMethodAccessorImpl.invoke(NativeMethodAccessorImpl.java:62)
at java.base/jdk.internal.reflect.DelegatingMethodAccessorImpl.invoke(DelegatingMethodAccessorImpl.java:43)
at java.base/java.lang.reflect.Method.invoke(Method.java:566)
at org.testng.internal.invokers.MethodInvocationHelper.invokeMethod(MethodInvocationHelper.java:139)
at org.testng.internal.invokers.TestInvoker.invokeMethod(TestInvoker.java:664)
at org.testng.internal.invokers.TestInvoker.invokeTestMethod(TestInvoker.java:228)
at org.testng.internal.invokers.MethodRunner.runInSequence(MethodRunner.java:63)
at org.testng.internal.invokers.TestInvoker$MethodInvocationAgent.invoke(TestInvoker.java:961)
at org.testng.internal.invokers.TestInvoker.invokeTestMethods(TestInvoker.java:201)
at org.testng.internal.invokers.TestMethodWorker.invokeTestMethods(TestMethodWorker.java:148)
at org.testng.internal.invokers.TestMethodWorker.run(TestMethodWorker.java:128)
at java.base/java.util.ArrayList.forEach(ArrayList.java:1541)
at org.testng.TestRunner.privateRun(TestRunner.java:819)
at org.testng.TestRunner.run(TestRunner.java:619)
at org.testng.SuiteRunner.runTest(SuiteRunner.java:443)
at org.testng.SuiteRunner.runSequentially(SuiteRunner.java:437)
at org.testng.SuiteRunner.privateRun(SuiteRunner.java:397)
at org.testng.SuiteRunner.run(SuiteRunner.java:336)
at org.testng.SuiteRunnerWorker.runSuite(SuiteRunnerWorker.java:52)
at org.testng.SuiteRunnerWorker.run(SuiteRunnerWorker.java:95)
at org.testng.TestNG.runSuitesSequentially(TestNG.java:1301)
at org.testng.TestNG.runSuitesLocally(TestNG.java:1228)
at org.testng.TestNG.runSuites(TestNG.java:1134)
at org.testng.TestNG.run(TestNG.java:1101)
at org.testng.remote.AbstractRemoteTestNG.run(AbstractRemoteTestNG.java:115)
at org.testng.remote.RemoteTestNG.initAndRun(RemoteTestNG.java:251)
at org.testng.remote.RemoteTestNG.main(RemoteTestNG.java:77)
]]>
            </full-stacktrace>
          </exception> <!-- java.lang.IllegalAccessError -->
          <reporter-output>
          </reporter-output>
        </test-method> <!-- group1RadioButtons -->
        <test-method is-config="true" signature="tearDown()[pri:0, instance:com.RadioButonsTest.radioButtonsTest@1caa0244]" started-at="2024-02-16T15:39:02 IST" name="tearDown" finished-at="2024-02-16T15:39:05 IST" duration-ms="2716" status="PASS">
          <reporter-output>
          </reporter-output>
        </test-method> <!-- tearDown -->
      </class> <!-- com.RadioButonsTest.radioButtonsTest -->
    </test> <!-- Default test -->
  </suite> <!-- Default suite -->
</testng-results>
