<?xml version="1.0" encoding="UTF-8"?>
<testng-results ignored="0" total="2" passed="2" failed="0" skipped="0">
  <reporter-output>
  </reporter-output>
  <suite started-at="2024-02-15T19:44:08 IST" name="OrangeHRMApplication " finished-at="2024-02-15T19:44:37 IST" duration-ms="28678">
    <groups>
    </groups>
    <test started-at="2024-02-15T19:44:08 IST" name="logInDetails" finished-at="2024-02-15T19:44:37 IST" duration-ms="28678">
      <class name="com.OHRM_EmployeeList.OHRM_EmployeeeListData_ExportExcelFile">
        <test-method is-config="true" signature="setUp()[pri:0, instance:com.OHRM_EmployeeList.OHRM_EmployeeeListData_ExportExcelFile@18d87d80]" started-at="2024-02-15T19:44:08 IST" name="setUp" finished-at="2024-02-15T19:44:18 IST" duration-ms="9637" status="PASS">
          <reporter-output>
          </reporter-output>
        </test-method> <!-- setUp -->
        <test-method signature="logInDetails()[pri:1, instance:com.OHRM_EmployeeList.OHRM_EmployeeeListData_ExportExcelFile@18d87d80]" started-at="2024-02-15T19:44:18 IST" name="logInDetails" finished-at="2024-02-15T19:44:21 IST" duration-ms="3333" status="PASS">
          <reporter-output>
          </reporter-output>
        </test-method> <!-- logInDetails -->
        <test-method signature="employeeList()[pri:2, instance:com.OHRM_EmployeeList.OHRM_EmployeeeListData_ExportExcelFile@18d87d80]" started-at="2024-02-15T19:44:21 IST" name="employeeList" finished-at="2024-02-15T19:44:35 IST" duration-ms="14373" status="PASS">
          <reporter-output>
          </reporter-output>
        </test-method> <!-- employeeList -->
        <test-method is-config="true" signature="termsDown()[pri:0, instance:com.OHRM_EmployeeList.OHRM_EmployeeeListData_ExportExcelFile@18d87d80]" started-at="2024-02-15T19:44:35 IST" name="termsDown" finished-at="2024-02-15T19:44:37 IST" duration-ms="1265" status="PASS">
          <reporter-output>
          </reporter-output>
        </test-method> <!-- termsDown -->
      </class> <!-- com.OHRM_EmployeeList.OHRM_EmployeeeListData_ExportExcelFile -->
    </test> <!-- logInDetails -->
  </suite> <!-- OrangeHRMApplication  -->
</testng-results>
